<?xml version="1.0" encoding="UTF-8"?>
<testng-results skipped="0" failed="0" ignored="0" total="2" passed="2">
  <reporter-output>
    <line>
      <![CDATA[Login is succesfull]]>
    </line>
    <line>
      <![CDATA[Url Navigation is completed]]>
    </line>
  </reporter-output>
  <suite name="Data Driven basics" duration-ms="1796" started-at="2021-12-22T21:37:15 GMT" finished-at="2021-12-22T21:37:17 GMT">
    <groups>
    </groups>
    <test name="Login Test" duration-ms="1796" started-at="2021-12-22T21:37:15 GMT" finished-at="2021-12-22T21:37:17 GMT">
      <class name="com.Learning.TestCases.LoginTest">
        <test-method status="PASS" signature="setUp()[pri:0, instance:com.Learning.TestCases.LoginTest@262b2c86]" name="setUp" is-config="true" duration-ms="3748" started-at="2021-12-22T21:37:12 GMT" finished-at="2021-12-22T21:37:15 GMT">
          <reporter-output>
          </reporter-output>
        </test-method> <!-- setUp -->
        <test-method status="PASS" signature="colleagueLogin()[pri:0, instance:com.Learning.TestCases.LoginTest@262b2c86]" name="colleagueLogin" duration-ms="605" started-at="2021-12-22T21:37:15 GMT" finished-at="2021-12-22T21:37:16 GMT">
          <reporter-output>
            <line>
              <![CDATA[Login is succesfull]]>
            </line>
          </reporter-output>
        </test-method> <!-- colleagueLogin -->
        <test-method status="PASS" signature="loginTest()[pri:0, instance:com.Learning.TestCases.LoginTest@262b2c86]" name="loginTest" duration-ms="1106" started-at="2021-12-22T21:37:16 GMT" finished-at="2021-12-22T21:37:17 GMT">
          <reporter-output>
            <line>
              <![CDATA[Url Navigation is completed]]>
            </line>
          </reporter-output>
        </test-method> <!-- loginTest -->
        <test-method status="PASS" signature="tearDown()[pri:0, instance:com.Learning.TestCases.LoginTest@262b2c86]" name="tearDown" is-config="true" duration-ms="656" started-at="2021-12-22T21:37:17 GMT" finished-at="2021-12-22T21:37:18 GMT">
          <reporter-output>
          </reporter-output>
        </test-method> <!-- tearDown -->
      </class> <!-- com.Learning.TestCases.LoginTest -->
    </test> <!-- Login Test -->
  </suite> <!-- Data Driven basics -->
</testng-results>
